\BOOKMARK [0][-]{chapter.1}{\376\377\000I\000n\000t\000r\000o\000d\000u\000c\000t\000i\000o\000n}{}% 1
\BOOKMARK [1][-]{section.1.1}{\376\377\000C\000o\000n\000t\000e\000x\000t\000\040\000a\000n\000d\000\040\000m\000o\000t\000i\000v\000a\000t\000i\000o\000n}{chapter.1}% 2
\BOOKMARK [1][-]{section.1.2}{\376\377\000P\000r\000o\000b\000l\000e\000m\000\040\000s\000t\000a\000t\000e\000m\000e\000n\000t}{chapter.1}% 3
\BOOKMARK [1][-]{section.1.3}{\376\377\000R\000e\000s\000e\000a\000r\000c\000h\000\040\000o\000b\000j\000e\000c\000t\000i\000v\000e\000s\000\040\000a\000n\000d\000\040\000q\000u\000e\000s\000t\000i\000o\000n\000s}{chapter.1}% 4
\BOOKMARK [1][-]{section.1.4}{\376\377\000C\000o\000n\000t\000r\000i\000b\000u\000t\000i\000o\000n\000s}{chapter.1}% 5
\BOOKMARK [1][-]{section.1.5}{\376\377\000S\000c\000o\000p\000e\000\040\000a\000n\000d\000\040\000a\000s\000s\000u\000m\000p\000t\000i\000o\000n\000s}{chapter.1}% 6
\BOOKMARK [0][-]{chapter.2}{\376\377\000B\000a\000c\000k\000g\000r\000o\000u\000n\000d\000:\000\040\000D\000i\000g\000i\000t\000a\000l\000\040\000e\000u\000r\000o\000\040\000s\000c\000h\000e\000m\000e\000\040\000a\000n\000d\000\040\000p\000l\000a\000t\000f\000o\000r\000m}{}% 7
\BOOKMARK [1][-]{section.2.1}{\376\377\000S\000c\000h\000e\000m\000e\000\040\000g\000o\000v\000e\000r\000n\000a\000n\000c\000e\000\040\000a\000n\000d\000\040\000r\000u\000l\000e\000b\000o\000o\000k\000\040\000s\000t\000r\000u\000c\000t\000u\000r\000e}{chapter.2}% 8
\BOOKMARK [2][-]{subsection.2.1.1}{\376\377\000F\000u\000n\000c\000t\000i\000o\000n\000a\000l\000\040\000d\000o\000m\000a\000i\000n\000s}{section.2.1}% 9
\BOOKMARK [1][-]{section.2.2}{\376\377\000I\000n\000t\000e\000r\000m\000e\000d\000i\000a\000r\000y\000\040\000r\000o\000l\000e\000\040\000a\000n\000d\000\040\000t\000h\000e\000\040\000`\000`\000a\000c\000c\000e\000s\000s\000\040\000g\000a\000t\000e\000w\000a\000y\000'\000'\000\040\000c\000o\000n\000c\000e\000p\000t}{chapter.2}% 10
\BOOKMARK [1][-]{section.2.3}{\376\377\000D\000i\000g\000i\000t\000a\000l\000\040\000e\000u\000r\000o\000\040\000c\000h\000a\000n\000n\000e\000l\000s\000\040\000a\000n\000d\000\040\000a\000c\000c\000e\000p\000t\000a\000n\000c\000e\000\040\000e\000c\000o\000s\000y\000s\000t\000e\000m}{chapter.2}% 11
\BOOKMARK [1][-]{section.2.4}{\376\377\000I\000n\000n\000o\000v\000a\000t\000i\000o\000n\000\040\000p\000l\000a\000t\000f\000o\000r\000m\000\040\000a\000n\000d\000\040\000e\000x\000p\000e\000r\000i\000m\000e\000n\000t\000a\000t\000i\000o\000n\000\040\000p\000o\000r\000t\000a\000l}{chapter.2}% 12
\BOOKMARK [0][-]{chapter.3}{\376\377\000R\000e\000l\000a\000t\000e\000d\000\040\000w\000o\000r\000k\000\040\000a\000n\000d\000\040\000l\000i\000t\000e\000r\000a\000t\000u\000r\000e\000\040\000r\000e\000v\000i\000e\000w}{}% 13
\BOOKMARK [1][-]{section.3.1}{\376\377\000C\000B\000D\000C\000\040\000i\000n\000t\000e\000g\000r\000a\000t\000i\000o\000n\000\040\000a\000r\000c\000h\000i\000t\000e\000c\000t\000u\000r\000e\000s}{chapter.3}% 14
\BOOKMARK [1][-]{section.3.2}{\376\377\000P\000a\000y\000m\000e\000n\000t\000\040\000i\000n\000d\000u\000s\000t\000r\000y\000\040\000m\000u\000t\000u\000a\000l\000i\000s\000a\000t\000i\000o\000n}{chapter.3}% 15
\BOOKMARK [1][-]{section.3.3}{\376\377\000C\000o\000s\000t\000\040\000e\000v\000i\000d\000e\000n\000c\000e\000\040\000a\000n\000d\000\040\000c\000o\000n\000c\000e\000r\000n\000s}{chapter.3}% 16
\BOOKMARK [1][-]{section.3.4}{\376\377\000G\000a\000p\000\040\000a\000n\000a\000l\000y\000s\000i\000s}{chapter.3}% 17
\BOOKMARK [0][-]{chapter.4}{\376\377\000M\000e\000t\000h\000o\000d\000o\000l\000o\000g\000y}{}% 18
\BOOKMARK [1][-]{section.4.1}{\376\377\000R\000e\000s\000e\000a\000r\000c\000h\000\040\000d\000e\000s\000i\000g\000n}{chapter.4}% 19
\BOOKMARK [1][-]{section.4.2}{\376\377\000D\000a\000t\000a\000\040\000s\000o\000u\000r\000c\000e\000s}{chapter.4}% 20
\BOOKMARK [1][-]{section.4.3}{\376\377\000A\000n\000a\000l\000y\000t\000i\000c\000a\000l\000\040\000f\000r\000a\000m\000e\000w\000o\000r\000k}{chapter.4}% 21
\BOOKMARK [2][-]{subsection.4.3.1}{\376\377\000\050\000A\000\051\000\040\000M\000o\000d\000u\000l\000e\000\040\000d\000e\000c\000o\000m\000p\000o\000s\000i\000t\000i\000o\000n\000\040\000a\000n\000d\000\040\000s\000h\000a\000r\000i\000n\000g\000\040\000p\000o\000t\000e\000n\000t\000i\000a\000l}{section.4.3}% 22
\BOOKMARK [2][-]{subsection.4.3.2}{\376\377\000\050\000B\000\051\000\040\000M\000u\000l\000t\000i\000-\000c\000r\000i\000t\000e\000r\000i\000a\000\040\000d\000e\000c\000i\000s\000i\000o\000n\000\040\000a\000n\000a\000l\000y\000s\000i\000s\000\040\000\050\000M\000C\000D\000A\000\051}{section.4.3}% 23
\BOOKMARK [1][-]{section.4.4}{\376\377\000B\000a\000n\000k\000\040\000t\000i\000e\000r\000i\000n\000g\000\040\000m\000o\000d\000e\000l}{chapter.4}% 24
\BOOKMARK [0][-]{chapter.5}{\376\377\000T\000e\000c\000h\000n\000i\000c\000a\000l\000\040\000i\000n\000t\000e\000g\000r\000a\000t\000i\000o\000n\000:\000\040\000r\000e\000f\000e\000r\000e\000n\000c\000e\000\040\000a\000r\000c\000h\000i\000t\000e\000c\000t\000u\000r\000e}{}% 25
\BOOKMARK [1][-]{section.5.1}{\376\377\000H\000i\000g\000h\000-\000l\000e\000v\000e\000l\000\040\000i\000n\000t\000e\000g\000r\000a\000t\000i\000o\000n\000\040\000l\000a\000n\000d\000s\000c\000a\000p\000e}{chapter.5}% 26
\BOOKMARK [1][-]{section.5.2}{\376\377\000P\000r\000o\000t\000o\000c\000o\000l\000\040\000a\000n\000d\000\040\000s\000e\000c\000u\000r\000i\000t\000y\000\040\000i\000n\000t\000e\000r\000f\000a\000c\000e\000\040\000p\000a\000t\000t\000e\000r\000n\000s}{chapter.5}% 27
\BOOKMARK [2][-]{subsection.5.2.1}{\376\377\000S\000e\000c\000u\000r\000i\000t\000y\000\040\000c\000o\000n\000t\000r\000o\000l\000s\000\040\000a\000n\000d\000\040\000k\000e\000y\000\040\000m\000a\000n\000a\000g\000e\000m\000e\000n\000t}{section.5.2}% 28
\BOOKMARK [2][-]{subsection.5.2.2}{\376\377\000E\000x\000a\000m\000p\000l\000e\000\040\000r\000e\000q\000u\000e\000s\000t\000-\000s\000i\000g\000n\000i\000n\000g\000\040\000e\000n\000v\000e\000l\000o\000p\000e\000\040\000\050\000i\000l\000l\000u\000s\000t\000r\000a\000t\000i\000v\000e\000\051}{section.5.2}% 29
\BOOKMARK [1][-]{section.5.3}{\376\377\000F\000u\000n\000c\000t\000i\000o\000n\000a\000l\000\040\000f\000l\000o\000w\000s}{chapter.5}% 30
\BOOKMARK [2][-]{subsection.5.3.1}{\376\377\000O\000n\000l\000i\000n\000e\000\040\000p\000a\000y\000m\000e\000n\000t\000\040\000f\000l\000o\000w\000\040\000\050\000c\000o\000n\000c\000e\000p\000t\000u\000a\000l\000\040\000s\000e\000q\000u\000e\000n\000c\000e\000\051}{section.5.3}% 31
\BOOKMARK [2][-]{subsection.5.3.2}{\376\377\000L\000i\000q\000u\000i\000d\000i\000t\000y\000\040\000m\000a\000n\000a\000g\000e\000m\000e\000n\000t\000\040\000a\000n\000d\000\040\000D\000C\000A\000\040\000m\000e\000c\000h\000a\000n\000i\000c\000s}{section.5.3}% 32
\BOOKMARK [2][-]{subsection.5.3.3}{\376\377\000O\000f\000f\000l\000i\000n\000e\000\040\000a\000n\000d\000\040\000s\000y\000n\000c\000h\000r\000o\000n\000i\000s\000a\000t\000i\000o\000n}{section.5.3}% 33
\BOOKMARK [0][-]{chapter.6}{\376\377\000A\000f\000f\000e\000c\000t\000e\000d\000\040\000b\000a\000n\000k\000/\000P\000S\000P\000\040\000c\000o\000m\000p\000o\000n\000e\000n\000t\000s}{}% 34
\BOOKMARK [1][-]{section.6.1}{\376\377\000I\000m\000p\000a\000c\000t\000\040\000m\000a\000p}{chapter.6}% 35
\BOOKMARK [1][-]{section.6.2}{\376\377\000I\000n\000t\000e\000r\000f\000a\000c\000e\000s\000\040\000a\000n\000d\000\040\000i\000n\000t\000e\000g\000r\000a\000t\000i\000o\000n\000\040\000g\000l\000u\000e}{chapter.6}% 36
\BOOKMARK [1][-]{section.6.3}{\376\377\000O\000p\000e\000r\000a\000t\000i\000o\000n\000a\000l\000\040\000p\000r\000o\000c\000e\000s\000s\000e\000s\000\040\000i\000m\000p\000a\000c\000t\000e\000d}{chapter.6}% 37
\BOOKMARK [0][-]{chapter.7}{\376\377\000S\000h\000a\000r\000e\000d\000\040\000v\000s\000.\000\040\000d\000e\000d\000i\000c\000a\000t\000e\000d\000\040\000i\000n\000t\000e\000g\000r\000a\000t\000i\000o\000n\000\040\000c\000o\000m\000p\000o\000n\000e\000n\000t\000s}{}% 38
\BOOKMARK [1][-]{section.7.1}{\376\377\000R\000a\000t\000i\000o\000n\000a\000l\000e\000\040\000f\000o\000r\000\040\000m\000u\000t\000u\000a\000l\000i\000s\000a\000t\000i\000o\000n}{chapter.7}% 39
\BOOKMARK [1][-]{section.7.2}{\376\377\000T\000a\000x\000o\000n\000o\000m\000y\000\040\000o\000f\000\040\000m\000u\000t\000u\000a\000l\000i\000s\000a\000b\000l\000e\000\040\000c\000o\000m\000p\000o\000n\000e\000n\000t\000s}{chapter.7}% 40
\BOOKMARK [1][-]{section.7.3}{\376\377\000H\000a\000r\000d\000w\000a\000r\000e\000/\000p\000h\000y\000s\000i\000c\000a\000l\000\040\000m\000u\000t\000u\000a\000l\000i\000s\000a\000t\000i\000o\000n\000:\000\040\000P\000O\000S\000\040\000a\000n\000d\000\040\000A\000T\000M}{chapter.7}% 41
\BOOKMARK [0][-]{chapter.8}{\376\377\000I\000m\000p\000l\000e\000m\000e\000n\000t\000a\000t\000i\000o\000n\000\040\000m\000o\000d\000e\000l\000s}{}% 42
\BOOKMARK [1][-]{section.8.1}{\376\377\000M\000o\000d\000e\000l\000\040\000d\000e\000f\000i\000n\000i\000t\000i\000o\000n\000s}{chapter.8}% 43
\BOOKMARK [2][-]{subsection.8.1.1}{\376\377\000I\000n\000-\000h\000o\000u\000s\000e}{section.8.1}% 44
\BOOKMARK [2][-]{subsection.8.1.2}{\376\377\000O\000u\000t\000s\000o\000u\000r\000c\000e\000d}{section.8.1}% 45
\BOOKMARK [2][-]{subsection.8.1.3}{\376\377\000H\000y\000b\000r\000i\000d}{section.8.1}% 46
\BOOKMARK [1][-]{section.8.2}{\376\377\000A\000r\000c\000h\000i\000t\000e\000c\000t\000u\000r\000a\000l\000\040\000p\000a\000t\000t\000e\000r\000n\000s}{chapter.8}% 47
\BOOKMARK [2][-]{subsection.8.2.1}{\376\377\000M\000o\000d\000u\000l\000a\000r\000\040\000m\000o\000n\000o\000l\000i\000t\000h\000\040\000v\000s\000.\000\040\000m\000i\000c\000r\000o\000s\000e\000r\000v\000i\000c\000e\000s}{section.8.2}% 48
\BOOKMARK [2][-]{subsection.8.2.2}{\376\377\000I\000n\000t\000e\000g\000r\000a\000t\000i\000o\000n\000\040\000s\000t\000y\000l\000e\000s}{section.8.2}% 49
\BOOKMARK [1][-]{section.8.3}{\376\377\000B\000a\000n\000k\000-\000t\000i\000e\000r\000-\000s\000p\000e\000c\000i\000f\000i\000c\000\040\000i\000m\000p\000l\000e\000m\000e\000n\000t\000a\000t\000i\000o\000n\000\040\000s\000t\000r\000a\000t\000e\000g\000y}{chapter.8}% 50
\BOOKMARK [2][-]{subsection.8.3.1}{\376\377\000D\000e\000c\000i\000s\000i\000o\000n\000\040\000m\000a\000t\000r\000i\000x}{section.8.3}% 51
\BOOKMARK [2][-]{subsection.8.3.2}{\376\377\000M\000C\000D\000A\000\040\000s\000c\000o\000r\000i\000n\000g\000\040\000e\000x\000a\000m\000p\000l\000e}{section.8.3}% 52
\BOOKMARK [0][-]{chapter.9}{\376\377\000C\000o\000s\000t\000\040\000a\000n\000d\000\040\000r\000e\000s\000o\000u\000r\000c\000e\000\040\000a\000n\000a\000l\000y\000s\000i\000s}{}% 53
\BOOKMARK [1][-]{section.9.1}{\376\377\000P\000u\000b\000l\000i\000c\000\040\000c\000o\000s\000t\000\040\000e\000s\000t\000i\000m\000a\000t\000e\000s}{chapter.9}% 54
\BOOKMARK [1][-]{section.9.2}{\376\377\000T\000i\000e\000r\000-\000b\000a\000s\000e\000d\000\040\000c\000o\000s\000t\000\040\000t\000a\000b\000l\000e}{chapter.9}% 55
\BOOKMARK [1][-]{section.9.3}{\376\377\000S\000y\000n\000e\000r\000g\000y\000\040\000s\000c\000e\000n\000a\000r\000i\000o\000s}{chapter.9}% 56
\BOOKMARK [2][-]{subsection.9.3.1}{\376\377\000I\000l\000l\000u\000s\000t\000r\000a\000t\000i\000v\000e\000\040\000c\000h\000a\000r\000t}{section.9.3}% 57
\BOOKMARK [1][-]{section.9.4}{\376\377\000I\000T\000\040\000s\000p\000e\000n\000d\000i\000n\000g\000\040\000c\000o\000n\000t\000e\000x\000t\000\040\000a\000n\000d\000\040\000c\000a\000p\000a\000c\000i\000t\000y\000\040\000c\000o\000n\000s\000t\000r\000a\000i\000n\000t\000s}{chapter.9}% 58
\BOOKMARK [0][-]{chapter.10}{\376\377\000B\000l\000u\000e\000p\000r\000i\000n\000t\000s\000\040\000f\000o\000r\000\040\000b\000a\000n\000k\000-\000t\000i\000e\000r\000\040\000i\000m\000p\000l\000e\000m\000e\000n\000t\000a\000t\000i\000o\000n\000s}{}% 59
\BOOKMARK [1][-]{section.10.1}{\376\377\000B\000l\000u\000e\000p\000r\000i\000n\000t\000\040\000A\000:\000\040\000T\000i\000e\000r\000\040\0001\040\023\0002\000\040\000h\000y\000b\000r\000i\000d\000\040\000p\000l\000a\000t\000f\000o\000r\000m}{chapter.10}% 60
\BOOKMARK [2][-]{subsection.10.1.1}{\376\377\000K\000e\000y\000\040\000c\000h\000a\000r\000a\000c\000t\000e\000r\000i\000s\000t\000i\000c\000s}{section.10.1}% 61
\BOOKMARK [2][-]{subsection.10.1.2}{\376\377\000C\000o\000m\000p\000o\000n\000e\000n\000t\000\040\000p\000l\000a\000c\000e\000m\000e\000n\000t}{section.10.1}% 62
\BOOKMARK [1][-]{section.10.2}{\376\377\000B\000l\000u\000e\000p\000r\000i\000n\000t\000\040\000B\000:\000\040\000T\000i\000e\000r\000\040\0003\000\040\000h\000y\000b\000r\000i\000d\000-\000l\000e\000a\000n\000i\000n\000g\000-\000o\000u\000t\000s\000o\000u\000r\000c\000e\000d}{chapter.10}% 63
\BOOKMARK [1][-]{section.10.3}{\376\377\000B\000l\000u\000e\000p\000r\000i\000n\000t\000\040\000C\000:\000\040\000T\000i\000e\000r\000\040\0004\000\040\000o\000u\000t\000s\000o\000u\000r\000c\000e\000d\000/\000u\000t\000i\000l\000i\000t\000y\000\040\000m\000o\000d\000e\000l}{chapter.10}% 64
\BOOKMARK [0][-]{chapter.11}{\376\377\000G\000o\000v\000e\000r\000n\000a\000n\000c\000e\000,\000\040\000r\000i\000s\000k\000,\000\040\000a\000n\000d\000\040\000c\000o\000m\000p\000l\000i\000a\000n\000c\000e\000\040\000c\000o\000n\000s\000i\000d\000e\000r\000a\000t\000i\000o\000n\000s}{}% 65
\BOOKMARK [1][-]{section.11.1}{\376\377\000R\000e\000g\000u\000l\000a\000t\000o\000r\000y\000\040\000a\000l\000i\000g\000n\000m\000e\000n\000t}{chapter.11}% 66
\BOOKMARK [1][-]{section.11.2}{\376\377\000O\000p\000e\000r\000a\000t\000i\000o\000n\000a\000l\000\040\000r\000e\000s\000i\000l\000i\000e\000n\000c\000e\000\040\000a\000n\000d\000\040\000D\000O\000R\000A}{chapter.11}% 67
\BOOKMARK [1][-]{section.11.3}{\376\377\000P\000r\000i\000v\000a\000c\000y\000\040\000a\000n\000d\000\040\000d\000a\000t\000a\000\040\000p\000r\000o\000t\000e\000c\000t\000i\000o\000n}{chapter.11}% 68
\BOOKMARK [0][-]{chapter.12}{\376\377\000D\000i\000s\000c\000u\000s\000s\000i\000o\000n}{}% 69
\BOOKMARK [1][-]{section.12.1}{\376\377\000A\000n\000s\000w\000e\000r\000i\000n\000g\000\040\000t\000h\000e\000\040\000r\000e\000s\000e\000a\000r\000c\000h\000\040\000q\000u\000e\000s\000t\000i\000o\000n\000s}{chapter.12}% 70
\BOOKMARK [1][-]{section.12.2}{\376\377\000L\000i\000m\000i\000t\000a\000t\000i\000o\000n\000s}{chapter.12}% 71
\BOOKMARK [1][-]{section.12.3}{\376\377\000F\000u\000t\000u\000r\000e\000\040\000r\000e\000s\000e\000a\000r\000c\000h}{chapter.12}% 72
\BOOKMARK [0][-]{chapter.13}{\376\377\000C\000o\000n\000c\000l\000u\000s\000i\000o\000n}{}% 73
\BOOKMARK [0][-]{appendix.A}{\376\377\000A\000p\000p\000e\000n\000d\000i\000x\000:\000\040\000P\000w\000C\000\040\000l\000a\000y\000e\000r\000\040\000d\000i\000s\000t\000r\000i\000b\000u\000t\000i\000o\000n\000\040\000c\000h\000a\000r\000t}{}% 74
\BOOKMARK [0][-]{appendix.B}{\376\377\000A\000p\000p\000e\000n\000d\000i\000x\000:\000\040\000P\000r\000a\000c\000t\000i\000c\000a\000l\000\040\000c\000h\000e\000c\000k\000l\000i\000s\000t\000\040\000f\000o\000r\000\040\000b\000a\000n\000k\000s}{}% 75
